<?xml version="1.0" encoding="UTF-8"?>
<testsuite xmlns:xsi="http://www.w3.org/2001/XMLSchema-instance" xsi:noNamespaceSchemaLocation="https://maven.apache.org/surefire/maven-surefire-plugin/xsd/surefire-test-report.xsd" version="3.0.2" name="com.demo.ikon.IkonApplicationTests" time="4.754" tests="1" errors="0" skipped="0" failures="0">
  <properties>
[...]
</properties>
  <testcase name="contextLoads" classname="com.demo.ikon.IkonApplicationTests" time="0.736">
    <system-out><![CDATA[14:02:16.689 [main] INFO org.springframework.test.context.support.AnnotationConfigContextLoaderUtils -- Could not detect default configuration classes for test class [com.demo.ikon.IkonApplicationTests]: IkonApplicationTests does not declare any static, non-private, non-final, nested classes annotated with @Configuration.
14:02:16.838 [main] INFO org.springframework.boot.test.context.SpringBootTestContextBootstrapper -- Found @SpringBootConfiguration com.demo.ikon.IkonApplication for test class com.demo.ikon.IkonApplicationTests

  .   ____          _            __ _ _
 /\\ / ___'_ __ _ _(_)_ __  __ _ \ \ \ \
( ( )\___ | '_ | '_| | '_ \/ _` | \ \ \ \
 \\/  ___)| |_)| | | | | || (_| |  ) ) ) )
  '  |____| .__|_| |_|_| |_\__, | / / / /
 =========|_|==============|___/=/_/_/_/

 :: Spring Boot ::                (v3.4.1)

2025-01-10T14:02:17.748+07:00  INFO 59150 --- [ikon] [           main] com.demo.ikon.IkonApplicationTests       : Starting IkonApplicationTests using Java 17.0.6 with PID 59150 (started by agungprasetia in /Users/agungprasetia/ikon)
2025-01-10T14:02:17.750+07:00  INFO 59150 --- [ikon] [           main] com.demo.ikon.IkonApplicationTests       : No active profile set, falling back to 1 default profile: "default"
2025-01-10T14:02:20.323+07:00  INFO 59150 --- [ikon] [           main] com.demo.ikon.IkonApplicationTests       : Started IkonApplicationTests in 3.238 seconds (process running for 4.883)
]]></system-out>
  </testcase>
</testsuite>